This file contains any messages produced by compilers while
running configure, to aid debugging if configure makes a mistake.

It was created by gimp-plugin-template configure 2.2.0, which was
generated by GNU Autoconf 2.69.  Invocation command line was

  $ ./configure 

## --------- ##
## Platform. ##
## --------- ##

hostname = overkill
uname -m = x86_64
uname -r = 5.8.0-59-generic
uname -s = Linux
uname -v = #66-Ubuntu SMP Thu Jun 17 00:46:01 UTC 2021

/usr/bin/uname -p = x86_64
/bin/uname -X     = unknown

/bin/arch              = x86_64
/usr/bin/arch -k       = unknown
/usr/convex/getsysinfo = unknown
/usr/bin/hostinfo      = unknown
/bin/machine           = unknown
/usr/bin/oslevel       = unknown
/bin/universe          = unknown

PATH: /home/owen/.local/bin
PATH: /home/owen/bin
PATH: /usr/local/sbin
PATH: /usr/local/bin
PATH: /usr/sbin
PATH: /usr/bin
PATH: /sbin
PATH: /bin
PATH: /usr/games
PATH: /usr/local/games
PATH: /snap/bin
PATH: /home/owen/bin
PATH: /usr/local/bin


## ----------- ##
## Core tests. ##
## ----------- ##

configure:2290: checking for a BSD-compatible install
configure:2358: result: /usr/bin/install -c
configure:2369: checking whether build environment is sane
configure:2424: result: yes
configure:2460: WARNING: 'missing' script is too old or missing
configure:2573: checking for a thread-safe mkdir -p
configure:2612: result: /usr/bin/mkdir -p
configure:2619: checking for gawk
configure:2649: result: no
configure:2619: checking for mawk
configure:2635: found /usr/bin/mawk
configure:2646: result: mawk
configure:2657: checking whether make sets $(MAKE)
configure:2679: result: yes
configure:2708: checking whether make supports nested variables
configure:2725: result: yes
configure:2847: checking whether make supports the include directive
configure:2862: make -f confmf.GNU && cat confinc.out
this is the am__doit target
configure:2865: $? = 0
configure:2884: result: yes (GNU style)
configure:2954: checking for gcc
configure:2970: found /usr/bin/gcc
configure:2981: result: gcc
configure:3210: checking for C compiler version
configure:3219: gcc --version >&5
gcc (Ubuntu 10.3.0-1ubuntu1~20.10) 10.3.0
Copyright (C) 2020 Free Software Foundation, Inc.
This is free software; see the source for copying conditions.  There is NO
warranty; not even for MERCHANTABILITY or FITNESS FOR A PARTICULAR PURPOSE.

configure:3230: $? = 0
configure:3219: gcc -v >&5
Using built-in specs.
COLLECT_GCC=gcc
COLLECT_LTO_WRAPPER=/usr/lib/gcc/x86_64-linux-gnu/10/lto-wrapper
OFFLOAD_TARGET_NAMES=nvptx-none:amdgcn-amdhsa:hsa
OFFLOAD_TARGET_DEFAULT=1
Target: x86_64-linux-gnu
Configured with: ../src/configure -v --with-pkgversion='Ubuntu 10.3.0-1ubuntu1~20.10' --with-bugurl=file:///usr/share/doc/gcc-10/README.Bugs --enable-languages=c,ada,c++,go,brig,d,fortran,objc,obj-c++,m2 --prefix=/usr --with-gcc-major-version-only --program-suffix=-10 --program-prefix=x86_64-linux-gnu- --enable-shared --enable-linker-build-id --libexecdir=/usr/lib --without-included-gettext --enable-threads=posix --libdir=/usr/lib --enable-nls --enable-bootstrap --enable-clocale=gnu --enable-libstdcxx-debug --enable-libstdcxx-time=yes --with-default-libstdcxx-abi=new --enable-gnu-unique-object --disable-vtable-verify --enable-plugin --enable-default-pie --with-system-zlib --enable-libphobos-checking=release --with-target-system-zlib=auto --enable-objc-gc=auto --enable-multiarch --disable-werror --with-arch-32=i686 --with-abi=m64 --with-multilib-list=m32,m64,mx32 --enable-multilib --with-tune=generic --enable-offload-targets=nvptx-none=/build/gcc-10-poYruo/gcc-10-10.3.0/debian/tmp-nvptx/usr,amdgcn-amdhsa=/build/gcc-10-poYruo/gcc-10-10.3.0/debian/tmp-gcn/usr,hsa --without-cuda-driver --enable-checking=release --build=x86_64-linux-gnu --host=x86_64-linux-gnu --target=x86_64-linux-gnu --with-build-config=bootstrap-lto-lean --enable-link-mutex
Thread model: posix
Supported LTO compression algorithms: zlib zstd
gcc version 10.3.0 (Ubuntu 10.3.0-1ubuntu1~20.10) 
... rest of stderr output deleted ...
configure:3230: $? = 0
configure:3219: gcc -V >&5
gcc: error: unrecognized command-line option '-V'
gcc: fatal error: no input files
compilation terminated.
configure:3230: $? = 1
configure:3219: gcc -qversion >&5
gcc: error: unrecognized command-line option '-qversion'; did you mean '--version'?
gcc: fatal error: no input files
compilation terminated.
configure:3230: $? = 1
configure:3250: checking whether the C compiler works
configure:3272: gcc    conftest.c  >&5
configure:3276: $? = 0
configure:3324: result: yes
configure:3327: checking for C compiler default output file name
configure:3329: result: a.out
configure:3335: checking for suffix of executables
configure:3342: gcc -o conftest    conftest.c  >&5
configure:3346: $? = 0
configure:3368: result: 
configure:3390: checking whether we are cross compiling
configure:3398: gcc -o conftest    conftest.c  >&5
configure:3402: $? = 0
configure:3409: ./conftest
configure:3413: $? = 0
configure:3401: result: no
configure:3406: checking for suffix of object files
configure:3428: gcc -c   conftest.c >&5
configure:3432: $? = 0
configure:3453: result: o
configure:3457: checking whether we are using the GNU C compiler
configure:3476: gcc -c   conftest.c >&5
configure:3476: $? = 0
configure:3485: result: yes
configure:3494: checking whether gcc accepts -g
configure:3514: gcc -c -g  conftest.c >&5
configure:3514: $? = 0
configure:3555: result: yes
configure:3572: checking for gcc option to accept ISO C89
configure:3635: gcc  -c -g -O2  conftest.c >&5
configure:3635: $? = 0
configure:3648: result: none needed
configure:3673: checking whether gcc understands -c and -o together
configure:3695: gcc -c conftest.c -o conftest2.o
configure:3698: $? = 0
configure:3695: gcc -c conftest.c -o conftest2.o
configure:3698: $? = 0
configure:3710: result: yes
configure:3729: checking dependency style of gcc
configure:3840: result: gcc3
configure:3856: checking for library containing strerror
configure:3887: gcc -o conftest -g -O2   conftest.c  >&5
configure:3887: $? = 0
configure:3904: result: none required
configure:3960: checking for gcc
configure:3987: result: gcc
configure:4216: checking for C compiler version
configure:4225: gcc --version >&5
gcc (Ubuntu 10.3.0-1ubuntu1~20.10) 10.3.0
Copyright (C) 2020 Free Software Foundation, Inc.
This is free software; see the source for copying conditions.  There is NO
warranty; not even for MERCHANTABILITY or FITNESS FOR A PARTICULAR PURPOSE.

configure:4236: $? = 0
configure:4225: gcc -v >&5
Using built-in specs.
COLLECT_GCC=gcc
COLLECT_LTO_WRAPPER=/usr/lib/gcc/x86_64-linux-gnu/10/lto-wrapper
OFFLOAD_TARGET_NAMES=nvptx-none:amdgcn-amdhsa:hsa
OFFLOAD_TARGET_DEFAULT=1
Target: x86_64-linux-gnu
Configured with: ../src/configure -v --with-pkgversion='Ubuntu 10.3.0-1ubuntu1~20.10' --with-bugurl=file:///usr/share/doc/gcc-10/README.Bugs --enable-languages=c,ada,c++,go,brig,d,fortran,objc,obj-c++,m2 --prefix=/usr --with-gcc-major-version-only --program-suffix=-10 --program-prefix=x86_64-linux-gnu- --enable-shared --enable-linker-build-id --libexecdir=/usr/lib --without-included-gettext --enable-threads=posix --libdir=/usr/lib --enable-nls --enable-bootstrap --enable-clocale=gnu --enable-libstdcxx-debug --enable-libstdcxx-time=yes --with-default-libstdcxx-abi=new --enable-gnu-unique-object --disable-vtable-verify --enable-plugin --enable-default-pie --with-system-zlib --enable-libphobos-checking=release --with-target-system-zlib=auto --enable-objc-gc=auto --enable-multiarch --disable-werror --with-arch-32=i686 --with-abi=m64 --with-multilib-list=m32,m64,mx32 --enable-multilib --with-tune=generic --enable-offload-targets=nvptx-none=/build/gcc-10-poYruo/gcc-10-10.3.0/debian/tmp-nvptx/usr,amdgcn-amdhsa=/build/gcc-10-poYruo/gcc-10-10.3.0/debian/tmp-gcn/usr,hsa --without-cuda-driver --enable-checking=release --build=x86_64-linux-gnu --host=x86_64-linux-gnu --target=x86_64-linux-gnu --with-build-config=bootstrap-lto-lean --enable-link-mutex
Thread model: posix
Supported LTO compression algorithms: zlib zstd
gcc version 10.3.0 (Ubuntu 10.3.0-1ubuntu1~20.10) 
... rest of stderr output deleted ...
configure:4236: $? = 0
configure:4225: gcc -V >&5
gcc: error: unrecognized command-line option '-V'
gcc: fatal error: no input files
compilation terminated.
configure:4236: $? = 1
configure:4225: gcc -qversion >&5
gcc: error: unrecognized command-line option '-qversion'; did you mean '--version'?
gcc: fatal error: no input files
compilation terminated.
configure:4236: $? = 1
configure:4240: checking whether we are using the GNU C compiler
configure:4268: result: yes
configure:4277: checking whether gcc accepts -g
configure:4338: result: yes
configure:4355: checking for gcc option to accept ISO C89
configure:4431: result: none needed
configure:4456: checking whether gcc understands -c and -o together
configure:4493: result: yes
configure:4512: checking dependency style of gcc
configure:4623: result: gcc3
configure:4686: checking for gcc
configure:4713: result: gcc
configure:4942: checking for C compiler version
configure:4951: gcc --version >&5
gcc (Ubuntu 10.3.0-1ubuntu1~20.10) 10.3.0
Copyright (C) 2020 Free Software Foundation, Inc.
This is free software; see the source for copying conditions.  There is NO
warranty; not even for MERCHANTABILITY or FITNESS FOR A PARTICULAR PURPOSE.

configure:4962: $? = 0
configure:4951: gcc -v >&5
Using built-in specs.
COLLECT_GCC=gcc
COLLECT_LTO_WRAPPER=/usr/lib/gcc/x86_64-linux-gnu/10/lto-wrapper
OFFLOAD_TARGET_NAMES=nvptx-none:amdgcn-amdhsa:hsa
OFFLOAD_TARGET_DEFAULT=1
Target: x86_64-linux-gnu
Configured with: ../src/configure -v --with-pkgversion='Ubuntu 10.3.0-1ubuntu1~20.10' --with-bugurl=file:///usr/share/doc/gcc-10/README.Bugs --enable-languages=c,ada,c++,go,brig,d,fortran,objc,obj-c++,m2 --prefix=/usr --with-gcc-major-version-only --program-suffix=-10 --program-prefix=x86_64-linux-gnu- --enable-shared --enable-linker-build-id --libexecdir=/usr/lib --without-included-gettext --enable-threads=posix --libdir=/usr/lib --enable-nls --enable-bootstrap --enable-clocale=gnu --enable-libstdcxx-debug --enable-libstdcxx-time=yes --with-default-libstdcxx-abi=new --enable-gnu-unique-object --disable-vtable-verify --enable-plugin --enable-default-pie --with-system-zlib --enable-libphobos-checking=release --with-target-system-zlib=auto --enable-objc-gc=auto --enable-multiarch --disable-werror --with-arch-32=i686 --with-abi=m64 --with-multilib-list=m32,m64,mx32 --enable-multilib --with-tune=generic --enable-offload-targets=nvptx-none=/build/gcc-10-poYruo/gcc-10-10.3.0/debian/tmp-nvptx/usr,amdgcn-amdhsa=/build/gcc-10-poYruo/gcc-10-10.3.0/debian/tmp-gcn/usr,hsa --without-cuda-driver --enable-checking=release --build=x86_64-linux-gnu --host=x86_64-linux-gnu --target=x86_64-linux-gnu --with-build-config=bootstrap-lto-lean --enable-link-mutex
Thread model: posix
Supported LTO compression algorithms: zlib zstd
gcc version 10.3.0 (Ubuntu 10.3.0-1ubuntu1~20.10) 
... rest of stderr output deleted ...
configure:4962: $? = 0
configure:4951: gcc -V >&5
gcc: error: unrecognized command-line option '-V'
gcc: fatal error: no input files
compilation terminated.
configure:4962: $? = 1
configure:4951: gcc -qversion >&5
gcc: error: unrecognized command-line option '-qversion'; did you mean '--version'?
gcc: fatal error: no input files
compilation terminated.
configure:4962: $? = 1
configure:4966: checking whether we are using the GNU C compiler
configure:4994: result: yes
configure:5003: checking whether gcc accepts -g
configure:5064: result: yes
configure:5081: checking for gcc option to accept ISO C89
configure:5157: result: none needed
configure:5182: checking whether gcc understands -c and -o together
configure:5219: result: yes
configure:5238: checking dependency style of gcc
configure:5349: result: gcc3
configure:5371: checking how to run the C preprocessor
configure:5402: gcc -E  conftest.c
configure:5402: $? = 0
configure:5416: gcc -E  conftest.c
conftest.c:14:10: fatal error: ac_nonexistent.h: No such file or directory
   14 | #include <ac_nonexistent.h>
      |          ^~~~~~~~~~~~~~~~~~
compilation terminated.
configure:5416: $? = 1
configure: failed program was:
| /* confdefs.h */
| #define PACKAGE_NAME "gimp-plugin-template"
| #define PACKAGE_TARNAME "gimp-plugin-template"
| #define PACKAGE_VERSION "2.2.0"
| #define PACKAGE_STRING "gimp-plugin-template 2.2.0"
| #define PACKAGE_BUGREPORT ""
| #define PACKAGE_URL ""
| #define PLUGIN_NAME PACKAGE_NAME
| #define PLUGIN_VERSION PACKAGE_VERSION
| #define PLUGIN_MAJOR_VERSION 2
| #define PLUGIN_MINOR_VERSION 2
| #define PLUGIN_MICRO_VERSION 0
| /* end confdefs.h.  */
| #include <ac_nonexistent.h>
configure:5441: result: gcc -E
configure:5461: gcc -E  conftest.c
configure:5461: $? = 0
configure:5475: gcc -E  conftest.c
conftest.c:14:10: fatal error: ac_nonexistent.h: No such file or directory
   14 | #include <ac_nonexistent.h>
      |          ^~~~~~~~~~~~~~~~~~
compilation terminated.
configure:5475: $? = 1
configure: failed program was:
| /* confdefs.h */
| #define PACKAGE_NAME "gimp-plugin-template"
| #define PACKAGE_TARNAME "gimp-plugin-template"
| #define PACKAGE_VERSION "2.2.0"
| #define PACKAGE_STRING "gimp-plugin-template 2.2.0"
| #define PACKAGE_BUGREPORT ""
| #define PACKAGE_URL ""
| #define PLUGIN_NAME PACKAGE_NAME
| #define PLUGIN_VERSION PACKAGE_VERSION
| #define PLUGIN_MAJOR_VERSION 2
| #define PLUGIN_MINOR_VERSION 2
| #define PLUGIN_MICRO_VERSION 0
| /* end confdefs.h.  */
| #include <ac_nonexistent.h>
configure:5504: checking for grep that handles long lines and -e
configure:5562: result: /usr/bin/grep
configure:5567: checking for egrep
configure:5629: result: /usr/bin/grep -E
configure:5634: checking for ANSI C header files
configure:5654: gcc -c -g -O2  conftest.c >&5
configure:5654: $? = 0
configure:5727: gcc -o conftest -g -O2   conftest.c  >&5
configure:5727: $? = 0
configure:5727: ./conftest
configure:5727: $? = 0
configure:5738: result: yes
configure:5751: checking whether to enable maintainer-specific portions of Makefiles
configure:5760: result: no
configure:5839: checking for pkg-config
configure:5857: found /usr/bin/pkg-config
configure:5869: result: /usr/bin/pkg-config
configure:5894: checking pkg-config is at least version 0.9.0
configure:5897: result: yes
configure:5907: checking for gimp-2.0 >= 2.2.0 gimpui-2.0 >= 2.2.0
configure:5914: $PKG_CONFIG --exists --print-errors "gimp-2.0 >= $GIMP_REQUIRED_VERSION gimpui-2.0 >= $GIMP_REQUIRED_VERSION"
configure:5917: $? = 0
configure:5931: $PKG_CONFIG --exists --print-errors "gimp-2.0 >= $GIMP_REQUIRED_VERSION gimpui-2.0 >= $GIMP_REQUIRED_VERSION"
configure:5934: $? = 0
configure:5992: result: yes
configure:6016: checking whether NLS is requested
configure:6025: result: yes
configure:6053: checking for intltool-update
configure:6071: found /usr/bin/intltool-update
configure:6083: result: /usr/bin/intltool-update
configure:6093: checking for intltool-merge
configure:6111: found /usr/bin/intltool-merge
configure:6123: result: /usr/bin/intltool-merge
configure:6133: checking for intltool-extract
configure:6151: found /usr/bin/intltool-extract
configure:6163: result: /usr/bin/intltool-extract
configure:6317: checking for xgettext
configure:6335: found /usr/bin/xgettext
configure:6347: result: /usr/bin/xgettext
configure:6357: checking for msgmerge
configure:6375: found /usr/bin/msgmerge
configure:6387: result: /usr/bin/msgmerge
configure:6397: checking for msgfmt
configure:6415: found /usr/bin/msgfmt
configure:6427: result: /usr/bin/msgfmt
configure:6437: checking for gmsgfmt
configure:6468: result: /usr/bin/msgfmt
configure:6488: checking for perl
configure:6506: found /usr/bin/perl
configure:6518: result: /usr/bin/perl
configure:6529: checking for perl >= 5.8.1
configure:6536: result: 5.30.3
configure:6540: checking for XML::Parser
configure:6543: result: ok
configure:6561: checking for sys/types.h
configure:6561: gcc -c -g -O2 -Wall  conftest.c >&5
configure:6561: $? = 0
configure:6561: result: yes
configure:6561: checking for sys/stat.h
configure:6561: gcc -c -g -O2 -Wall  conftest.c >&5
configure:6561: $? = 0
configure:6561: result: yes
configure:6561: checking for stdlib.h
configure:6561: gcc -c -g -O2 -Wall  conftest.c >&5
configure:6561: $? = 0
configure:6561: result: yes
configure:6561: checking for string.h
configure:6561: gcc -c -g -O2 -Wall  conftest.c >&5
configure:6561: $? = 0
configure:6561: result: yes
configure:6561: checking for memory.h
configure:6561: gcc -c -g -O2 -Wall  conftest.c >&5
configure:6561: $? = 0
configure:6561: result: yes
configure:6561: checking for strings.h
configure:6561: gcc -c -g -O2 -Wall  conftest.c >&5
configure:6561: $? = 0
configure:6561: result: yes
configure:6561: checking for inttypes.h
configure:6561: gcc -c -g -O2 -Wall  conftest.c >&5
configure:6561: $? = 0
configure:6561: result: yes
configure:6561: checking for stdint.h
configure:6561: gcc -c -g -O2 -Wall  conftest.c >&5
configure:6561: $? = 0
configure:6561: result: yes
configure:6561: checking for unistd.h
configure:6561: gcc -c -g -O2 -Wall  conftest.c >&5
configure:6561: $? = 0
configure:6561: result: yes
configure:6576: checking locale.h usability
configure:6576: gcc -c -g -O2 -Wall  conftest.c >&5
configure:6576: $? = 0
configure:6576: result: yes
configure:6576: checking locale.h presence
configure:6576: gcc -E  conftest.c
configure:6576: $? = 0
configure:6576: result: yes
configure:6576: checking for locale.h
configure:6576: result: yes
configure:6587: checking for LC_MESSAGES
configure:6603: gcc -o conftest -g -O2 -Wall   conftest.c  >&5
configure:6603: $? = 0
configure:6611: result: yes
configure:6629: checking for CFPreferencesCopyAppValue
configure:6647: gcc -o conftest -g -O2 -Wall   conftest.c  -Wl,-framework -Wl,CoreFoundation >&5
conftest.c:27:10: fatal error: CoreFoundation/CFPreferences.h: No such file or directory
   27 | #include <CoreFoundation/CFPreferences.h>
      |          ^~~~~~~~~~~~~~~~~~~~~~~~~~~~~~~~
compilation terminated.
configure:6647: $? = 1
configure: failed program was:
| /* confdefs.h */
| #define PACKAGE_NAME "gimp-plugin-template"
| #define PACKAGE_TARNAME "gimp-plugin-template"
| #define PACKAGE_VERSION "2.2.0"
| #define PACKAGE_STRING "gimp-plugin-template 2.2.0"
| #define PACKAGE_BUGREPORT ""
| #define PACKAGE_URL ""
| #define PLUGIN_NAME PACKAGE_NAME
| #define PLUGIN_VERSION PACKAGE_VERSION
| #define PLUGIN_MAJOR_VERSION 2
| #define PLUGIN_MINOR_VERSION 2
| #define PLUGIN_MICRO_VERSION 0
| #define STDC_HEADERS 1
| #define GETTEXT_PACKAGE "gimp20-plugin-template"
| #define HAVE_SYS_TYPES_H 1
| #define HAVE_SYS_STAT_H 1
| #define HAVE_STDLIB_H 1
| #define HAVE_STRING_H 1
| #define HAVE_MEMORY_H 1
| #define HAVE_STRINGS_H 1
| #define HAVE_INTTYPES_H 1
| #define HAVE_STDINT_H 1
| #define HAVE_UNISTD_H 1
| #define HAVE_LOCALE_H 1
| #define HAVE_LC_MESSAGES 1
| /* end confdefs.h.  */
| #include <CoreFoundation/CFPreferences.h>
| int
| main ()
| {
| CFPreferencesCopyAppValue(NULL, NULL)
|   ;
|   return 0;
| }
configure:6656: result: no
configure:6663: checking for CFLocaleCopyCurrent
configure:6681: gcc -o conftest -g -O2 -Wall   conftest.c  -Wl,-framework -Wl,CoreFoundation >&5
conftest.c:27:10: fatal error: CoreFoundation/CFLocale.h: No such file or directory
   27 | #include <CoreFoundation/CFLocale.h>
      |          ^~~~~~~~~~~~~~~~~~~~~~~~~~~
compilation terminated.
configure:6681: $? = 1
configure: failed program was:
| /* confdefs.h */
| #define PACKAGE_NAME "gimp-plugin-template"
| #define PACKAGE_TARNAME "gimp-plugin-template"
| #define PACKAGE_VERSION "2.2.0"
| #define PACKAGE_STRING "gimp-plugin-template 2.2.0"
| #define PACKAGE_BUGREPORT ""
| #define PACKAGE_URL ""
| #define PLUGIN_NAME PACKAGE_NAME
| #define PLUGIN_VERSION PACKAGE_VERSION
| #define PLUGIN_MAJOR_VERSION 2
| #define PLUGIN_MINOR_VERSION 2
| #define PLUGIN_MICRO_VERSION 0
| #define STDC_HEADERS 1
| #define GETTEXT_PACKAGE "gimp20-plugin-template"
| #define HAVE_SYS_TYPES_H 1
| #define HAVE_SYS_STAT_H 1
| #define HAVE_STDLIB_H 1
| #define HAVE_STRING_H 1
| #define HAVE_MEMORY_H 1
| #define HAVE_STRINGS_H 1
| #define HAVE_INTTYPES_H 1
| #define HAVE_STDINT_H 1
| #define HAVE_UNISTD_H 1
| #define HAVE_LOCALE_H 1
| #define HAVE_LC_MESSAGES 1
| /* end confdefs.h.  */
| #include <CoreFoundation/CFLocale.h>
| int
| main ()
| {
| CFLocaleCopyCurrent();
|   ;
|   return 0;
| }
configure:6690: result: no
configure:6704: checking libintl.h usability
configure:6704: gcc -c -g -O2 -Wall  conftest.c >&5
configure:6704: $? = 0
configure:6704: result: yes
configure:6704: checking libintl.h presence
configure:6704: gcc -E  conftest.c
configure:6704: $? = 0
configure:6704: result: yes
configure:6704: checking for libintl.h
configure:6704: result: yes
configure:6712: checking for ngettext in libc
configure:6730: gcc -o conftest -g -O2 -Wall   conftest.c  >&5
configure:6730: $? = 0
configure:6739: result: yes
configure:6743: checking for dgettext in libc
configure:6761: gcc -o conftest -g -O2 -Wall   conftest.c  >&5
configure:6761: $? = 0
configure:6770: result: yes
configure:6777: checking for bind_textdomain_codeset
configure:6777: gcc -o conftest -g -O2 -Wall   conftest.c  >&5
configure:6777: $? = 0
configure:6777: result: yes
configure:7053: checking for msgfmt
configure:7080: result: /usr/bin/msgfmt
configure:7091: checking for dcgettext
configure:7091: gcc -o conftest -g -O2 -Wall   conftest.c   >&5
conftest.c:52:6: warning: conflicting types for built-in function 'dcgettext'; expected 'char *(const char *, const char *, int)' [-Wbuiltin-declaration-mismatch]
   52 | char dcgettext ();
      |      ^~~~~~~~~
configure:7091: $? = 0
configure:7091: result: yes
configure:7101: checking if msgfmt accepts -c
configure:7116: $MSGFMT -c -o /dev/null conftest.foo
conftest.foo:3: warning: header field 'Language' missing in header
configure:7119: $? = 0
configure:7121: result: yes
configure:7131: checking for gmsgfmt
configure:7162: result: /usr/bin/msgfmt
configure:7172: checking for xgettext
configure:7199: result: /usr/bin/xgettext
configure:7218: gcc -o conftest -g -O2 -Wall   conftest.c   >&5
configure:7218: $? = 0
configure:7300: checking for catalogs to be installed
configure:7325: result:  az de fr sk sv zh_TW
configure:7360: checking for bind_textdomain_codeset
configure:7360: result: yes
configure:7377: checking if GTK+ is version 2.7.0 or newer
configure:7384: result: yes
configure:7392: checking if GIMP is version 2.3.0 or newer
configure:7399: result: yes
configure:7511: checking that generated files are newer than configure
configure:7517: result: done
configure:7556: creating ./config.status

## ---------------------- ##
## Running config.status. ##
## ---------------------- ##

This file was extended by gimp-plugin-template config.status 2.2.0, which was
generated by GNU Autoconf 2.69.  Invocation command line was

  CONFIG_FILES    = 
  CONFIG_HEADERS  = 
  CONFIG_LINKS    = 
  CONFIG_COMMANDS = 
  $ ./config.status 

on overkill

config.status:952: creating Makefile
config.status:952: creating src/Makefile
config.status:952: creating po/Makefile.in
config.status:952: creating help/Makefile
config.status:952: creating help/en/Makefile
config.status:952: creating help/images/Makefile
config.status:952: creating config.h
config.status:1133: config.h is unchanged
config.status:1181: executing depfiles commands
config.status:1258: cd src       && sed -e '/# am--include-marker/d' Makefile         | make -f - am--depfiles
make: Nothing to be done for 'am--depfiles'.
config.status:1263: $? = 0
config.status:1181: executing default-1 commands
config.status:1181: executing po/stamp-it commands

## ---------------- ##
## Cache variables. ##
## ---------------- ##

ac_cv_c_compiler_gnu=yes
ac_cv_env_CC_set=
ac_cv_env_CC_value=
ac_cv_env_CFLAGS_set=
ac_cv_env_CFLAGS_value=
ac_cv_env_CPPFLAGS_set=
ac_cv_env_CPPFLAGS_value=
ac_cv_env_CPP_set=
ac_cv_env_CPP_value=
ac_cv_env_GIMP_CFLAGS_set=
ac_cv_env_GIMP_CFLAGS_value=
ac_cv_env_GIMP_LIBS_set=
ac_cv_env_GIMP_LIBS_value=
ac_cv_env_LDFLAGS_set=
ac_cv_env_LDFLAGS_value=
ac_cv_env_LIBS_set=
ac_cv_env_LIBS_value=
ac_cv_env_PKG_CONFIG_LIBDIR_set=
ac_cv_env_PKG_CONFIG_LIBDIR_value=
ac_cv_env_PKG_CONFIG_PATH_set=
ac_cv_env_PKG_CONFIG_PATH_value=
ac_cv_env_PKG_CONFIG_set=
ac_cv_env_PKG_CONFIG_value=
ac_cv_env_build_alias_set=
ac_cv_env_build_alias_value=
ac_cv_env_host_alias_set=
ac_cv_env_host_alias_value=
ac_cv_env_target_alias_set=
ac_cv_env_target_alias_value=
ac_cv_func_bind_textdomain_codeset=yes
ac_cv_func_dcgettext=yes
ac_cv_header_inttypes_h=yes
ac_cv_header_libintl_h=yes
ac_cv_header_locale_h=yes
ac_cv_header_memory_h=yes
ac_cv_header_stdc=yes
ac_cv_header_stdint_h=yes
ac_cv_header_stdlib_h=yes
ac_cv_header_string_h=yes
ac_cv_header_strings_h=yes
ac_cv_header_sys_stat_h=yes
ac_cv_header_sys_types_h=yes
ac_cv_header_unistd_h=yes
ac_cv_objext=o
ac_cv_path_EGREP='/usr/bin/grep -E'
ac_cv_path_GMSGFMT=/usr/bin/msgfmt
ac_cv_path_GREP=/usr/bin/grep
ac_cv_path_INTLTOOL_EXTRACT=/usr/bin/intltool-extract
ac_cv_path_INTLTOOL_MERGE=/usr/bin/intltool-merge
ac_cv_path_INTLTOOL_PERL=/usr/bin/perl
ac_cv_path_INTLTOOL_UPDATE=/usr/bin/intltool-update
ac_cv_path_MSGFMT=/usr/bin/msgfmt
ac_cv_path_MSGMERGE=/usr/bin/msgmerge
ac_cv_path_XGETTEXT=/usr/bin/xgettext
ac_cv_path_ac_pt_PKG_CONFIG=/usr/bin/pkg-config
ac_cv_path_install='/usr/bin/install -c'
ac_cv_path_mkdir=/usr/bin/mkdir
ac_cv_prog_AWK=mawk
ac_cv_prog_CPP='gcc -E'
ac_cv_prog_ac_ct_CC=gcc
ac_cv_prog_cc_c89=
ac_cv_prog_cc_g=yes
ac_cv_prog_make_make_set=yes
ac_cv_search_strerror='none required'
am_cv_CC_dependencies_compiler_type=gcc3
am_cv_make_support_nested_variables=yes
am_cv_prog_cc_c_o=yes
am_cv_prog_cc_stdc=
am_cv_val_LC_MESSAGES=yes
gt_cv_func_CFLocaleCopyCurrent=no
gt_cv_func_CFPreferencesCopyAppValue=no
gt_cv_func_dgettext_libc=yes
gt_cv_func_dgettext_libintl=no
gt_cv_func_ngettext_libc=yes
gt_cv_have_gettext=yes
pkg_cv_GIMP_CFLAGS='-pthread -I/usr/include/gegl-0.4 -I/usr/include/gio-unix-2.0 -I/usr/include/json-glib-1.0 -I/usr/include/babl-0.1 -I/usr/include/gtk-2.0 -I/usr/lib/x86_64-linux-gnu/gtk-2.0/include -I/usr/include/pango-1.0 -I/usr/include/atk-1.0 -I/usr/include/gdk-pixbuf-2.0 -I/usr/include/pango-1.0 -I/usr/include/libmount -I/usr/include/blkid -I/usr/include/fribidi -I/usr/include/cairo -I/usr/include/pixman-1 -I/usr/include/harfbuzz -I/usr/include/glib-2.0 -I/usr/lib/x86_64-linux-gnu/glib-2.0/include -I/usr/include/uuid -I/usr/include/freetype2 -I/usr/include/libpng16 -I/usr/include/gimp-2.0'
pkg_cv_GIMP_LIBS='-lgimpui-2.0 -lgimpwidgets-2.0 -lgimpmodule-2.0 -lgimp-2.0 -lgimpmath-2.0 -lgimpconfig-2.0 -lgimpcolor-2.0 -lgimpbase-2.0 -lgegl-0.4 -lgegl-npd-0.4 -lm -Wl,--export-dynamic -lgmodule-2.0 -pthread -ljson-glib-1.0 -lbabl-0.1 -lgtk-x11-2.0 -lgdk-x11-2.0 -lpangocairo-1.0 -latk-1.0 -lcairo -lgdk_pixbuf-2.0 -lgio-2.0 -lpangoft2-1.0 -lpango-1.0 -lgobject-2.0 -lglib-2.0 -lharfbuzz -lfontconfig -lfreetype'

## ----------------- ##
## Output variables. ##
## ----------------- ##

ACLOCAL='aclocal-1.16 '
ALL_LINGUAS='az de fr sk sv zh_TW'
AMDEPBACKSLASH='\'
AMDEP_FALSE='#'
AMDEP_TRUE=''
AMTAR='$${TAR-tar}'
AM_BACKSLASH='\'
AM_DEFAULT_V='$(AM_DEFAULT_VERBOSITY)'
AM_DEFAULT_VERBOSITY='1'
AM_V='$(V)'
AUTOCONF='autoconf'
AUTOHEADER='autoheader'
AUTOMAKE='automake-1.16'
AWK='mawk'
CATALOGS=' az.gmo de.gmo fr.gmo sk.gmo sv.gmo zh_TW.gmo'
CATOBJEXT='.gmo'
CC='gcc'
CCDEPMODE='depmode=gcc3'
CFLAGS='-g -O2 -Wall'
CPP='gcc -E'
CPPFLAGS=''
CYGPATH_W='echo'
DATADIR='${datadir}/gimp-plugin-template'
DATADIRNAME='share'
DEFS='-DHAVE_CONFIG_H'
DEPDIR='.deps'
ECHO_C=''
ECHO_N='-n'
ECHO_T=''
EGREP='/usr/bin/grep -E'
EXEEXT=''
GETTEXT_PACKAGE='gimp20-plugin-template'
GIMP_CFLAGS='-pthread -I/usr/include/gegl-0.4 -I/usr/include/gio-unix-2.0 -I/usr/include/json-glib-1.0 -I/usr/include/babl-0.1 -I/usr/include/gtk-2.0 -I/usr/lib/x86_64-linux-gnu/gtk-2.0/include -I/usr/include/pango-1.0 -I/usr/include/atk-1.0 -I/usr/include/gdk-pixbuf-2.0 -I/usr/include/pango-1.0 -I/usr/include/libmount -I/usr/include/blkid -I/usr/include/fribidi -I/usr/include/cairo -I/usr/include/pixman-1 -I/usr/include/harfbuzz -I/usr/include/glib-2.0 -I/usr/lib/x86_64-linux-gnu/glib-2.0/include -I/usr/include/uuid -I/usr/include/freetype2 -I/usr/include/libpng16 -I/usr/include/gimp-2.0'
GIMP_LIBDIR='/usr/lib/gimp/2.0'
GIMP_LIBS='-lgimpui-2.0 -lgimpwidgets-2.0 -lgimpmodule-2.0 -lgimp-2.0 -lgimpmath-2.0 -lgimpconfig-2.0 -lgimpcolor-2.0 -lgimpbase-2.0 -lgegl-0.4 -lgegl-npd-0.4 -lm -Wl,--export-dynamic -lgmodule-2.0 -pthread -ljson-glib-1.0 -lbabl-0.1 -lgtk-x11-2.0 -lgdk-x11-2.0 -lpangocairo-1.0 -latk-1.0 -lcairo -lgdk_pixbuf-2.0 -lgio-2.0 -lpangoft2-1.0 -lpango-1.0 -lgobject-2.0 -lglib-2.0 -lharfbuzz -lfontconfig -lfreetype'
GMOFILES=' az.gmo de.gmo fr.gmo sk.gmo sv.gmo zh_TW.gmo'
GMSGFMT='/usr/bin/msgfmt'
GREP='/usr/bin/grep'
INSTALL_DATA='${INSTALL} -m 644'
INSTALL_PROGRAM='${INSTALL}'
INSTALL_SCRIPT='${INSTALL}'
INSTALL_STRIP_PROGRAM='$(install_sh) -c -s'
INSTOBJEXT='.mo'
INTLLIBS=''
INTLTOOL_CAVES_RULE='%.caves:     %.caves.in     $(INTLTOOL_MERGE) $(wildcard $(top_srcdir)/po/*.po) ; $(INTLTOOL_V_MERGE)LC_ALL=C $(INTLTOOL_MERGE) $(INTLTOOL_V_MERGE_OPTIONS) -d -u -c $(top_builddir)/po/.intltool-merge-cache $(top_srcdir)/po $< $@'
INTLTOOL_DESKTOP_RULE='%.desktop:   %.desktop.in   $(INTLTOOL_MERGE) $(wildcard $(top_srcdir)/po/*.po) ; $(INTLTOOL_V_MERGE)LC_ALL=C $(INTLTOOL_MERGE) $(INTLTOOL_V_MERGE_OPTIONS) -d -u -c $(top_builddir)/po/.intltool-merge-cache $(top_srcdir)/po $< $@'
INTLTOOL_DIRECTORY_RULE='%.directory: %.directory.in $(INTLTOOL_MERGE) $(wildcard $(top_srcdir)/po/*.po) ; $(INTLTOOL_V_MERGE)LC_ALL=C $(INTLTOOL_MERGE) $(INTLTOOL_V_MERGE_OPTIONS) -d -u -c $(top_builddir)/po/.intltool-merge-cache $(top_srcdir)/po $< $@'
INTLTOOL_EXTRACT='/usr/bin/intltool-extract'
INTLTOOL_KBD_RULE='%.kbd:       %.kbd.in       $(INTLTOOL_MERGE) $(wildcard $(top_srcdir)/po/*.po) ; $(INTLTOOL_V_MERGE)LC_ALL=C $(INTLTOOL_MERGE) $(INTLTOOL_V_MERGE_OPTIONS) -x -u -m -c $(top_builddir)/po/.intltool-merge-cache $(top_srcdir)/po $< $@'
INTLTOOL_KEYS_RULE='%.keys:      %.keys.in      $(INTLTOOL_MERGE) $(wildcard $(top_srcdir)/po/*.po) ; $(INTLTOOL_V_MERGE)LC_ALL=C $(INTLTOOL_MERGE) $(INTLTOOL_V_MERGE_OPTIONS) -k -u -c $(top_builddir)/po/.intltool-merge-cache $(top_srcdir)/po $< $@'
INTLTOOL_MERGE='/usr/bin/intltool-merge'
INTLTOOL_OAF_RULE='%.oaf:       %.oaf.in       $(INTLTOOL_MERGE) $(wildcard $(top_srcdir)/po/*.po) ; $(INTLTOOL_V_MERGE)LC_ALL=C $(INTLTOOL_MERGE) $(INTLTOOL_V_MERGE_OPTIONS) -o -p $(top_srcdir)/po $< $@'
INTLTOOL_PERL='/usr/bin/perl'
INTLTOOL_POLICY_RULE='%.policy:    %.policy.in    $(INTLTOOL_MERGE) $(wildcard $(top_srcdir)/po/*.po) ; $(INTLTOOL_V_MERGE)LC_ALL=C $(INTLTOOL_MERGE) $(INTLTOOL_V_MERGE_OPTIONS) -x -u -c $(top_builddir)/po/.intltool-merge-cache $(top_srcdir)/po $< $@'
INTLTOOL_PONG_RULE='%.pong:      %.pong.in      $(INTLTOOL_MERGE) $(wildcard $(top_srcdir)/po/*.po) ; $(INTLTOOL_V_MERGE)LC_ALL=C $(INTLTOOL_MERGE) $(INTLTOOL_V_MERGE_OPTIONS) -x -u -c $(top_builddir)/po/.intltool-merge-cache $(top_srcdir)/po $< $@'
INTLTOOL_PROP_RULE='%.prop:      %.prop.in      $(INTLTOOL_MERGE) $(wildcard $(top_srcdir)/po/*.po) ; $(INTLTOOL_V_MERGE)LC_ALL=C $(INTLTOOL_MERGE) $(INTLTOOL_V_MERGE_OPTIONS) -d -u -c $(top_builddir)/po/.intltool-merge-cache $(top_srcdir)/po $< $@'
INTLTOOL_SCHEMAS_RULE='%.schemas:   %.schemas.in   $(INTLTOOL_MERGE) $(wildcard $(top_srcdir)/po/*.po) ; $(INTLTOOL_V_MERGE)LC_ALL=C $(INTLTOOL_MERGE) $(INTLTOOL_V_MERGE_OPTIONS) -s -u -c $(top_builddir)/po/.intltool-merge-cache $(top_srcdir)/po $< $@'
INTLTOOL_SERVER_RULE='%.server:    %.server.in    $(INTLTOOL_MERGE) $(wildcard $(top_srcdir)/po/*.po) ; $(INTLTOOL_V_MERGE)LC_ALL=C $(INTLTOOL_MERGE) $(INTLTOOL_V_MERGE_OPTIONS) -o -u -c $(top_builddir)/po/.intltool-merge-cache $(top_srcdir)/po $< $@'
INTLTOOL_SERVICE_RULE='%.service: %.service.in   $(INTLTOOL_MERGE) $(wildcard $(top_srcdir)/po/*.po) ; $(INTLTOOL_V_MERGE)LC_ALL=C $(INTLTOOL_MERGE) $(INTLTOOL_V_MERGE_OPTIONS) -d -u -c $(top_builddir)/po/.intltool-merge-cache $(top_srcdir)/po $< $@'
INTLTOOL_SHEET_RULE='%.sheet:     %.sheet.in     $(INTLTOOL_MERGE) $(wildcard $(top_srcdir)/po/*.po) ; $(INTLTOOL_V_MERGE)LC_ALL=C $(INTLTOOL_MERGE) $(INTLTOOL_V_MERGE_OPTIONS) -x -u -c $(top_builddir)/po/.intltool-merge-cache $(top_srcdir)/po $< $@'
INTLTOOL_SOUNDLIST_RULE='%.soundlist: %.soundlist.in $(INTLTOOL_MERGE) $(wildcard $(top_srcdir)/po/*.po) ; $(INTLTOOL_V_MERGE)LC_ALL=C $(INTLTOOL_MERGE) $(INTLTOOL_V_MERGE_OPTIONS) -d -u -c $(top_builddir)/po/.intltool-merge-cache $(top_srcdir)/po $< $@'
INTLTOOL_THEME_RULE='%.theme:     %.theme.in     $(INTLTOOL_MERGE) $(wildcard $(top_srcdir)/po/*.po) ; $(INTLTOOL_V_MERGE)LC_ALL=C $(INTLTOOL_MERGE) $(INTLTOOL_V_MERGE_OPTIONS) -d -u -c $(top_builddir)/po/.intltool-merge-cache $(top_srcdir)/po $< $@'
INTLTOOL_UI_RULE='%.ui:        %.ui.in        $(INTLTOOL_MERGE) $(wildcard $(top_srcdir)/po/*.po) ; $(INTLTOOL_V_MERGE)LC_ALL=C $(INTLTOOL_MERGE) $(INTLTOOL_V_MERGE_OPTIONS) -x -u -c $(top_builddir)/po/.intltool-merge-cache $(top_srcdir)/po $< $@'
INTLTOOL_UPDATE='/usr/bin/intltool-update'
INTLTOOL_V_MERGE='$(INTLTOOL__v_MERGE_$(V))'
INTLTOOL_V_MERGE_OPTIONS='$(intltool__v_merge_options_$(V))'
INTLTOOL_XAM_RULE='%.xam:       %.xml.in       $(INTLTOOL_MERGE) $(wildcard $(top_srcdir)/po/*.po) ; $(INTLTOOL_V_MERGE)LC_ALL=C $(INTLTOOL_MERGE) $(INTLTOOL_V_MERGE_OPTIONS) -x -u -c $(top_builddir)/po/.intltool-merge-cache $(top_srcdir)/po $< $@'
INTLTOOL_XML_NOMERGE_RULE='%.xml:       %.xml.in       $(INTLTOOL_MERGE) ; $(INTLTOOL_V_MERGE)LC_ALL=C $(INTLTOOL_MERGE) $(INTLTOOL_V_MERGE_OPTIONS) -x -u --no-translations $< $@'
INTLTOOL_XML_RULE='%.xml:       %.xml.in       $(INTLTOOL_MERGE) $(wildcard $(top_srcdir)/po/*.po) ; $(INTLTOOL_V_MERGE)LC_ALL=C $(INTLTOOL_MERGE) $(INTLTOOL_V_MERGE_OPTIONS) -x -u -c $(top_builddir)/po/.intltool-merge-cache $(top_srcdir)/po $< $@'
INTLTOOL__v_MERGE_0='@echo "  ITMRG " $@;'
INTLTOOL__v_MERGE_='$(INTLTOOL__v_MERGE_$(AM_DEFAULT_VERBOSITY))'
INTL_MACOSX_LIBS=''
LDFLAGS=''
LIBOBJS=''
LIBS=''
LOCALEDIR='${datadir}/locale'
LTLIBOBJS=''
MAINT='#'
MAINTAINER_MODE_FALSE=''
MAINTAINER_MODE_TRUE='#'
MAKEINFO='makeinfo'
MKDIR_P='/usr/bin/mkdir -p'
MKINSTALLDIRS='./mkinstalldirs'
MSGFMT='/usr/bin/msgfmt'
MSGFMT_OPTS='-c'
MSGMERGE='/usr/bin/msgmerge'
OBJEXT='o'
PACKAGE='gimp-plugin-template'
PACKAGE_BUGREPORT=''
PACKAGE_NAME='gimp-plugin-template'
PACKAGE_STRING='gimp-plugin-template 2.2.0'
PACKAGE_TARNAME='gimp-plugin-template'
PACKAGE_URL=''
PACKAGE_VERSION='2.2.0'
PATH_SEPARATOR=':'
PKG_CONFIG='/usr/bin/pkg-config'
PKG_CONFIG_LIBDIR=''
PKG_CONFIG_PATH=''
POFILES=' az.po de.po fr.po sk.po sv.po zh_TW.po'
POSUB='po'
PO_IN_DATADIR_FALSE=''
PO_IN_DATADIR_TRUE=''
SET_MAKE=''
SHELL='/bin/bash'
STRIP=''
USE_NLS='yes'
VERSION='2.2.0'
XGETTEXT='/usr/bin/xgettext'
ac_ct_CC='gcc'
am__EXEEXT_FALSE=''
am__EXEEXT_TRUE='#'
am__fastdepCC_FALSE='#'
am__fastdepCC_TRUE=''
am__include='include'
am__isrc=''
am__leading_dot='.'
am__nodep='_no'
am__quote=''
am__tar='$${TAR-tar} chof - "$$tardir"'
am__untar='$${TAR-tar} xf -'
bindir='${exec_prefix}/bin'
build_alias=''
datadir='${datarootdir}'
datarootdir='${prefix}/share'
docdir='${datarootdir}/doc/${PACKAGE_TARNAME}'
dvidir='${docdir}'
exec_prefix='${prefix}'
host_alias=''
htmldir='${docdir}'
includedir='${prefix}/include'
infodir='${datarootdir}/info'
install_sh='${SHELL} /home/owen/git/gimp_quick_guides/install-sh'
intltool__v_merge_options_0='-q'
intltool__v_merge_options_='$(intltool__v_merge_options_$(AM_DEFAULT_VERBOSITY))'
libdir='${exec_prefix}/lib'
libexecdir='${exec_prefix}/libexec'
localedir='${datarootdir}/locale'
localstatedir='${prefix}/var'
mandir='${datarootdir}/man'
mkdir_p='$(MKDIR_P)'
oldincludedir='/usr/include'
pdfdir='${docdir}'
prefix='/usr/local'
program_transform_name='s,x,x,'
psdir='${docdir}'
runstatedir='${localstatedir}/run'
sbindir='${exec_prefix}/sbin'
sharedstatedir='${prefix}/com'
sysconfdir='${prefix}/etc'
target_alias=''

## ----------- ##
## confdefs.h. ##
## ----------- ##

/* confdefs.h */
#define PACKAGE_NAME "gimp-plugin-template"
#define PACKAGE_TARNAME "gimp-plugin-template"
#define PACKAGE_VERSION "2.2.0"
#define PACKAGE_STRING "gimp-plugin-template 2.2.0"
#define PACKAGE_BUGREPORT ""
#define PACKAGE_URL ""
#define PLUGIN_NAME PACKAGE_NAME
#define PLUGIN_VERSION PACKAGE_VERSION
#define PLUGIN_MAJOR_VERSION 2
#define PLUGIN_MINOR_VERSION 2
#define PLUGIN_MICRO_VERSION 0
#define STDC_HEADERS 1
#define GETTEXT_PACKAGE "gimp20-plugin-template"
#define HAVE_SYS_TYPES_H 1
#define HAVE_SYS_STAT_H 1
#define HAVE_STDLIB_H 1
#define HAVE_STRING_H 1
#define HAVE_MEMORY_H 1
#define HAVE_STRINGS_H 1
#define HAVE_INTTYPES_H 1
#define HAVE_STDINT_H 1
#define HAVE_UNISTD_H 1
#define HAVE_LOCALE_H 1
#define HAVE_LC_MESSAGES 1
#define HAVE_BIND_TEXTDOMAIN_CODESET 1
#define HAVE_GETTEXT 1
#define HAVE_DCGETTEXT 1
#define ENABLE_NLS 1
#define HAVE_BIND_TEXTDOMAIN_CODESET 1

configure: exit 0
